{"D:\\learning-mssql\\server.js": {"path":"D:\\learning-mssql\\server.js","statementMap":{"0":{"start":{"line":1,"column":16},"end":{"line":1,"column":34}},"1":{"start":{"line":2,"column":12},"end":{"line":2,"column":21}},"2":{"start":{"line":3,"column":13},"end":{"line":3,"column":17}},"3":{"start":{"line":4,"column":18},"end":{"line":4,"column":40}},"4":{"start":{"line":5,"column":13},"end":{"line":5,"column":28}},"5":{"start":{"line":6,"column":13},"end":{"line":6,"column":28}},"6":{"start":{"line":8,"column":0},"end":{"line":8,"column":24}},"7":{"start":{"line":9,"column":0},"end":{"line":13,"column":2}},"8":{"start":{"line":14,"column":0},"end":{"line":14,"column":16}},"9":{"start":{"line":16,"column":23},"end":{"line":16,"column":61}},"10":{"start":{"line":17,"column":20},"end":{"line":17,"column":49}},"11":{"start":{"line":20,"column":0},"end":{"line":20,"column":60}},"12":{"start":{"line":23,"column":0},"end":{"line":27,"column":3}},"13":{"start":{"line":24,"column":4},"end":{"line":26,"column":6}}},"fnMap":{"0":{"name":"(anonymous_0)","decl":{"start":{"line":23,"column":17},"end":{"line":23,"column":18}},"loc":{"start":{"line":23,"column":23},"end":{"line":27,"column":1}},"line":23}},"branchMap":{},"s":{"0":1,"1":1,"2":1,"3":1,"4":1,"5":1,"6":1,"7":1,"8":1,"9":1,"10":1,"11":1,"12":1,"13":0},"f":{"0":0},"b":{},"_coverageSchema":"1a1c01bbd47fc00a2c39e90264f33305004495a9","hash":"16800730f2843992bd113c225f427a7b92f96ac4"}
,"D:\\learning-mssql\\Controller\\authController.js": {"path":"D:\\learning-mssql\\Controller\\authController.js","statementMap":{"0":{"start":{"line":1,"column":20},"end":{"line":1,"column":54}},"1":{"start":{"line":3,"column":23},"end":{"line":28,"column":1}},"2":{"start":{"line":9,"column":8},"end":{"line":9,"column":16}},"3":{"start":{"line":16,"column":8},"end":{"line":21,"column":6}},"4":{"start":{"line":23,"column":4},"end":{"line":27,"column":7}},"5":{"start":{"line":30,"column":0},"end":{"line":32,"column":1}}},"fnMap":{"0":{"name":"(anonymous_0)","decl":{"start":{"line":3,"column":23},"end":{"line":3,"column":24}},"loc":{"start":{"line":3,"column":43},"end":{"line":28,"column":1}},"line":3}},"branchMap":{},"s":{"0":1,"1":1,"2":0,"3":0,"4":0,"5":1},"f":{"0":0},"b":{},"_coverageSchema":"1a1c01bbd47fc00a2c39e90264f33305004495a9","hash":"2eb3e3997d30a0bc1b5a2e6a2fd54d5e62971fb2"}
,"D:\\learning-mssql\\Middlewares\\auth.js": {"path":"D:\\learning-mssql\\Middlewares\\auth.js","statementMap":{},"fnMap":{},"branchMap":{},"s":{},"f":{},"b":{},"_coverageSchema":"1a1c01bbd47fc00a2c39e90264f33305004495a9","hash":"60adbd85150284c78fa26c9b7592dc605a25eada"}
,"D:\\learning-mssql\\Repositories\\userRepository.js": {"path":"D:\\learning-mssql\\Repositories\\userRepository.js","statementMap":{"0":{"start":{"line":3,"column":4},"end":{"line":3,"column":24}},"1":{"start":{"line":9,"column":33},"end":{"line":13,"column":10}},"2":{"start":{"line":15,"column":8},"end":{"line":15,"column":32}},"3":{"start":{"line":24,"column":31},"end":{"line":29,"column":10}},"4":{"start":{"line":31,"column":8},"end":{"line":31,"column":30}},"5":{"start":{"line":35,"column":0},"end":{"line":35,"column":32}}},"fnMap":{"0":{"name":"(anonymous_0)","decl":{"start":{"line":6,"column":4},"end":{"line":6,"column":5}},"loc":{"start":{"line":8,"column":7},"end":{"line":16,"column":5}},"line":8},"1":{"name":"(anonymous_1)","decl":{"start":{"line":18,"column":4},"end":{"line":18,"column":5}},"loc":{"start":{"line":23,"column":7},"end":{"line":32,"column":5}},"line":23}},"branchMap":{},"s":{"0":1,"1":0,"2":0,"3":0,"4":0,"5":1},"f":{"0":0,"1":0},"b":{},"_coverageSchema":"1a1c01bbd47fc00a2c39e90264f33305004495a9","hash":"a334aee6803356a8883ad27bec97118c6176b24d"}
,"D:\\learning-mssql\\Services\\authService.js": {"path":"D:\\learning-mssql\\Services\\authService.js","statementMap":{"0":{"start":{"line":1,"column":23},"end":{"line":1,"column":64}},"1":{"start":{"line":2,"column":15},"end":{"line":2,"column":32}},"2":{"start":{"line":4,"column":19},"end":{"line":4,"column":21}},"3":{"start":{"line":5,"column":24},"end":{"line":5,"column":32}},"4":{"start":{"line":6,"column":16},"end":{"line":6,"column":24}},"5":{"start":{"line":7,"column":17},"end":{"line":7,"column":23}},"6":{"start":{"line":8,"column":17},"end":{"line":8,"column":23}},"7":{"start":{"line":9,"column":16},"end":{"line":9,"column":23}},"8":{"start":{"line":18,"column":8},"end":{"line":173,"column":9}},"9":{"start":{"line":19,"column":47},"end":{"line":19,"column":78}},"10":{"start":{"line":20,"column":46},"end":{"line":20,"column":69}},"11":{"start":{"line":21,"column":46},"end":{"line":21,"column":69}},"12":{"start":{"line":22,"column":39},"end":{"line":22,"column":60}},"13":{"start":{"line":23,"column":39},"end":{"line":23,"column":60}},"14":{"start":{"line":25,"column":12},"end":{"line":52,"column":13}},"15":{"start":{"line":26,"column":16},"end":{"line":33,"column":17}},"16":{"start":{"line":34,"column":19},"end":{"line":52,"column":13}},"17":{"start":{"line":35,"column":16},"end":{"line":42,"column":17}},"18":{"start":{"line":43,"column":19},"end":{"line":52,"column":13}},"19":{"start":{"line":44,"column":16},"end":{"line":51,"column":17}},"20":{"start":{"line":54,"column":12},"end":{"line":63,"column":13}},"21":{"start":{"line":55,"column":16},"end":{"line":62,"column":17}},"22":{"start":{"line":65,"column":12},"end":{"line":83,"column":13}},"23":{"start":{"line":66,"column":16},"end":{"line":73,"column":17}},"24":{"start":{"line":74,"column":19},"end":{"line":83,"column":13}},"25":{"start":{"line":75,"column":16},"end":{"line":82,"column":17}},"26":{"start":{"line":85,"column":12},"end":{"line":130,"column":13}},"27":{"start":{"line":86,"column":16},"end":{"line":93,"column":17}},"28":{"start":{"line":94,"column":19},"end":{"line":130,"column":13}},"29":{"start":{"line":95,"column":16},"end":{"line":102,"column":17}},"30":{"start":{"line":103,"column":19},"end":{"line":130,"column":13}},"31":{"start":{"line":104,"column":16},"end":{"line":111,"column":17}},"32":{"start":{"line":112,"column":19},"end":{"line":130,"column":13}},"33":{"start":{"line":113,"column":16},"end":{"line":120,"column":17}},"34":{"start":{"line":121,"column":19},"end":{"line":130,"column":13}},"35":{"start":{"line":122,"column":16},"end":{"line":129,"column":17}},"36":{"start":{"line":132,"column":36},"end":{"line":134,"column":14}},"37":{"start":{"line":136,"column":12},"end":{"line":162,"column":13}},"38":{"start":{"line":137,"column":16},"end":{"line":144,"column":17}},"39":{"start":{"line":146,"column":40},"end":{"line":146,"column":79}},"40":{"start":{"line":147,"column":39},"end":{"line":152,"column":18}},"41":{"start":{"line":154,"column":16},"end":{"line":161,"column":18}},"42":{"start":{"line":165,"column":12},"end":{"line":172,"column":14}},"43":{"start":{"line":177,"column":0},"end":{"line":177,"column":29}}},"fnMap":{"0":{"name":"(anonymous_0)","decl":{"start":{"line":12,"column":4},"end":{"line":12,"column":5}},"loc":{"start":{"line":17,"column":7},"end":{"line":174,"column":5}},"line":17}},"branchMap":{"0":{"loc":{"start":{"line":25,"column":12},"end":{"line":52,"column":13}},"type":"if","locations":[{"start":{"line":25,"column":12},"end":{"line":52,"column":13}},{"start":{"line":34,"column":19},"end":{"line":52,"column":13}}],"line":25},"1":{"loc":{"start":{"line":34,"column":19},"end":{"line":52,"column":13}},"type":"if","locations":[{"start":{"line":34,"column":19},"end":{"line":52,"column":13}},{"start":{"line":43,"column":19},"end":{"line":52,"column":13}}],"line":34},"2":{"loc":{"start":{"line":43,"column":19},"end":{"line":52,"column":13}},"type":"if","locations":[{"start":{"line":43,"column":19},"end":{"line":52,"column":13}},{"start":{},"end":{}}],"line":43},"3":{"loc":{"start":{"line":54,"column":12},"end":{"line":63,"column":13}},"type":"if","locations":[{"start":{"line":54,"column":12},"end":{"line":63,"column":13}},{"start":{},"end":{}}],"line":54},"4":{"loc":{"start":{"line":65,"column":12},"end":{"line":83,"column":13}},"type":"if","locations":[{"start":{"line":65,"column":12},"end":{"line":83,"column":13}},{"start":{"line":74,"column":19},"end":{"line":83,"column":13}}],"line":65},"5":{"loc":{"start":{"line":74,"column":19},"end":{"line":83,"column":13}},"type":"if","locations":[{"start":{"line":74,"column":19},"end":{"line":83,"column":13}},{"start":{},"end":{}}],"line":74},"6":{"loc":{"start":{"line":85,"column":12},"end":{"line":130,"column":13}},"type":"if","locations":[{"start":{"line":85,"column":12},"end":{"line":130,"column":13}},{"start":{"line":94,"column":19},"end":{"line":130,"column":13}}],"line":85},"7":{"loc":{"start":{"line":94,"column":19},"end":{"line":130,"column":13}},"type":"if","locations":[{"start":{"line":94,"column":19},"end":{"line":130,"column":13}},{"start":{"line":103,"column":19},"end":{"line":130,"column":13}}],"line":94},"8":{"loc":{"start":{"line":103,"column":19},"end":{"line":130,"column":13}},"type":"if","locations":[{"start":{"line":103,"column":19},"end":{"line":130,"column":13}},{"start":{"line":112,"column":19},"end":{"line":130,"column":13}}],"line":103},"9":{"loc":{"start":{"line":112,"column":19},"end":{"line":130,"column":13}},"type":"if","locations":[{"start":{"line":112,"column":19},"end":{"line":130,"column":13}},{"start":{"line":121,"column":19},"end":{"line":130,"column":13}}],"line":112},"10":{"loc":{"start":{"line":121,"column":19},"end":{"line":130,"column":13}},"type":"if","locations":[{"start":{"line":121,"column":19},"end":{"line":130,"column":13}},{"start":{},"end":{}}],"line":121},"11":{"loc":{"start":{"line":136,"column":12},"end":{"line":162,"column":13}},"type":"if","locations":[{"start":{"line":136,"column":12},"end":{"line":162,"column":13}},{"start":{"line":145,"column":19},"end":{"line":162,"column":13}}],"line":136}},"s":{"0":1,"1":1,"2":1,"3":1,"4":1,"5":1,"6":1,"7":1,"8":0,"9":0,"10":0,"11":0,"12":0,"13":0,"14":0,"15":0,"16":0,"17":0,"18":0,"19":0,"20":0,"21":0,"22":0,"23":0,"24":0,"25":0,"26":0,"27":0,"28":0,"29":0,"30":0,"31":0,"32":0,"33":0,"34":0,"35":0,"36":0,"37":0,"38":0,"39":0,"40":0,"41":0,"42":0,"43":1},"f":{"0":0},"b":{"0":[0,0],"1":[0,0],"2":[0,0],"3":[0,0],"4":[0,0],"5":[0,0],"6":[0,0],"7":[0,0],"8":[0,0],"9":[0,0],"10":[0,0],"11":[0,0]},"_coverageSchema":"1a1c01bbd47fc00a2c39e90264f33305004495a9","hash":"2ce8cf06db6bed0f07267e4a83e917f142e8e50b"}
,"D:\\learning-mssql\\models\\index.js": {"path":"D:\\learning-mssql\\models\\index.js","statementMap":{"0":{"start":{"line":3,"column":11},"end":{"line":3,"column":24}},"1":{"start":{"line":4,"column":13},"end":{"line":4,"column":28}},"2":{"start":{"line":5,"column":18},"end":{"line":5,"column":38}},"3":{"start":{"line":6,"column":16},"end":{"line":6,"column":34}},"4":{"start":{"line":7,"column":17},"end":{"line":7,"column":42}},"5":{"start":{"line":8,"column":12},"end":{"line":8,"column":49}},"6":{"start":{"line":9,"column":15},"end":{"line":9,"column":65}},"7":{"start":{"line":10,"column":11},"end":{"line":10,"column":13}},"8":{"start":{"line":13,"column":0},"end":{"line":17,"column":1}},"9":{"start":{"line":14,"column":2},"end":{"line":14,"column":74}},"10":{"start":{"line":16,"column":2},"end":{"line":16,"column":87}},"11":{"start":{"line":19,"column":0},"end":{"line":32,"column":5}},"12":{"start":{"line":22,"column":4},"end":{"line":27,"column":6}},"13":{"start":{"line":30,"column":18},"end":{"line":30,"column":85}},"14":{"start":{"line":31,"column":4},"end":{"line":31,"column":27}},"15":{"start":{"line":34,"column":0},"end":{"line":38,"column":3}},"16":{"start":{"line":35,"column":2},"end":{"line":37,"column":3}},"17":{"start":{"line":36,"column":4},"end":{"line":36,"column":32}},"18":{"start":{"line":40,"column":0},"end":{"line":40,"column":25}},"19":{"start":{"line":41,"column":0},"end":{"line":41,"column":25}},"20":{"start":{"line":43,"column":0},"end":{"line":43,"column":20}}},"fnMap":{"0":{"name":"(anonymous_0)","decl":{"start":{"line":21,"column":10},"end":{"line":21,"column":11}},"loc":{"start":{"line":21,"column":18},"end":{"line":28,"column":3}},"line":21},"1":{"name":"(anonymous_1)","decl":{"start":{"line":29,"column":11},"end":{"line":29,"column":12}},"loc":{"start":{"line":29,"column":19},"end":{"line":32,"column":3}},"line":29},"2":{"name":"(anonymous_2)","decl":{"start":{"line":34,"column":24},"end":{"line":34,"column":25}},"loc":{"start":{"line":34,"column":37},"end":{"line":38,"column":1}},"line":34}},"branchMap":{"0":{"loc":{"start":{"line":8,"column":12},"end":{"line":8,"column":49}},"type":"binary-expr","locations":[{"start":{"line":8,"column":12},"end":{"line":8,"column":32}},{"start":{"line":8,"column":36},"end":{"line":8,"column":49}}],"line":8},"1":{"loc":{"start":{"line":13,"column":0},"end":{"line":17,"column":1}},"type":"if","locations":[{"start":{"line":13,"column":0},"end":{"line":17,"column":1}},{"start":{"line":15,"column":7},"end":{"line":17,"column":1}}],"line":13},"2":{"loc":{"start":{"line":23,"column":6},"end":{"line":26,"column":37}},"type":"binary-expr","locations":[{"start":{"line":23,"column":6},"end":{"line":23,"column":29}},{"start":{"line":24,"column":6},"end":{"line":24,"column":23}},{"start":{"line":25,"column":6},"end":{"line":25,"column":30}},{"start":{"line":26,"column":6},"end":{"line":26,"column":37}}],"line":23},"3":{"loc":{"start":{"line":35,"column":2},"end":{"line":37,"column":3}},"type":"if","locations":[{"start":{"line":35,"column":2},"end":{"line":37,"column":3}},{"start":{},"end":{}}],"line":35}},"s":{"0":1,"1":1,"2":1,"3":1,"4":1,"5":1,"6":1,"7":1,"8":1,"9":0,"10":1,"11":1,"12":2,"13":1,"14":1,"15":1,"16":1,"17":1,"18":1,"19":1,"20":1},"f":{"0":2,"1":1,"2":1},"b":{"0":[1,0],"1":[0,1],"2":[2,2,1,1],"3":[1,0]},"_coverageSchema":"1a1c01bbd47fc00a2c39e90264f33305004495a9","hash":"4d6151b21583cbf33be89cdfd3b0405446b04389"}
,"D:\\learning-mssql\\models\\users.js": {"path":"D:\\learning-mssql\\models\\users.js","statementMap":{"0":{"start":{"line":4,"column":4},"end":{"line":4,"column":24}},"1":{"start":{"line":5,"column":0},"end":{"line":27,"column":2}},"2":{"start":{"line":16,"column":2},"end":{"line":25,"column":5}},"3":{"start":{"line":26,"column":2},"end":{"line":26,"column":15}}},"fnMap":{"0":{"name":"(anonymous_0)","decl":{"start":{"line":5,"column":17},"end":{"line":5,"column":18}},"loc":{"start":{"line":5,"column":43},"end":{"line":27,"column":1}},"line":5},"1":{"name":"(anonymous_1)","decl":{"start":{"line":12,"column":4},"end":{"line":12,"column":5}},"loc":{"start":{"line":12,"column":29},"end":{"line":14,"column":5}},"line":12}},"branchMap":{},"s":{"0":1,"1":1,"2":1,"3":1},"f":{"0":1,"1":1},"b":{},"_coverageSchema":"1a1c01bbd47fc00a2c39e90264f33305004495a9","hash":"803d154b4d54af8a2092d69d097ec42d868c8935"}
}
